0 info it worked if it ends with ok
1 verbose cli [ '/nodejs/bin/node', '/nodejs/bin/npm', 'start' ]
2 info using npm@1.4.28
3 info using node@v0.10.36
4 verbose run-script [ 'prestart', 'start', 'poststart' ]
5 info prestart mynode-app@0.0.1
6 info start mynode-app@0.0.1
7 verbose unsafe-perm in lifecycle true
8 info mynode-app@0.0.1 Failed to exec start script
9 error mynode-app@0.0.1 start: `node server.js`
9 error Exit status 8
10 error Failed at the mynode-app@0.0.1 start script.
10 error This is most likely a problem with the mynode-app package,
10 error not with npm itself.
10 error Tell the author that this fails on your system:
10 error     node server.js
10 error You can get their info via:
10 error     npm owner ls mynode-app
10 error There is likely additional logging output above.
11 error System Linux 4.1.19-boot2docker
12 error command "/nodejs/bin/node" "/nodejs/bin/npm" "start"
13 error cwd /app
14 error node -v v0.10.36
15 error npm -v 1.4.28
16 error code ELIFECYCLE
17 verbose exit [ 1, true ]
